<?xml version="1.0" encoding="UTF-8"?>
<!-- Generated by org.testng.reporters.JUnitReportReporter -->
<testsuite skipped="0" hostname="DESKTOP-3M04LF7" name="com.elevate.qa.testCases.LoginPageTest" tests="3" failures="0" timestamp="2020-08-15T13:15:36 IST" time="37.235" errors="0">
  <testcase name="loginPageTitleTest" time="10.194" classname="com.elevate.qa.testCases.LoginPageTest"/>
  <system-out/>
  <testcase name="elevateLogoTest" time="11.401" classname="com.elevate.qa.testCases.LoginPageTest"/>
  <system-out/>
  <testcase name="adminLoginTest" time="15.640" classname="com.elevate.qa.testCases.LoginPageTest"/>
  <system-out/>
</testsuite> <!-- com.elevate.qa.testCases.LoginPageTest -->
