<?xml version="1.0" encoding="UTF-8"?>
<!-- Generated by org.testng.reporters.JUnitReportReporter -->
<testsuite hostname="DESKTOP-3M04LF7" failures="0" tests="3" name="com.elevate.qa.testCases.LoginPageTest" time="40.934" errors="0" timestamp="2020-08-23T23:11:00 IST" skipped="0">
  <testcase classname="com.elevate.qa.testCases.LoginPageTest" name="loginPageTitleTest" time="11.665"/>
  <system-out/>
  <testcase classname="com.elevate.qa.testCases.LoginPageTest" name="elevateLogoTest" time="11.579"/>
  <system-out/>
  <testcase classname="com.elevate.qa.testCases.LoginPageTest" name="adminLoginTest" time="17.690"/>
  <system-out/>
</testsuite> <!-- com.elevate.qa.testCases.LoginPageTest -->
