<?xml version="1.0" encoding="UTF-8"?>
<!-- Generated by org.testng.reporters.JUnitReportReporter -->
<testsuite hostname="DESKTOP-3M04LF7" failures="0" tests="3" name="com.elevate.qa.testCases.LoginPageTest" time="44.167" errors="0" timestamp="2020-08-23T18:55:14 IST" skipped="0">
  <testcase classname="com.elevate.qa.testCases.LoginPageTest" name="loginPageTitleTest" time="9.290"/>
  <system-out/>
  <testcase classname="com.elevate.qa.testCases.LoginPageTest" name="elevateLogoTest" time="10.556"/>
  <system-out/>
  <testcase classname="com.elevate.qa.testCases.LoginPageTest" name="adminLoginTest" time="24.321"/>
  <system-out/>
</testsuite> <!-- com.elevate.qa.testCases.LoginPageTest -->
