<?xml version="1.0" encoding="UTF-8"?>
<!-- Generated by org.testng.reporters.JUnitReportReporter -->
<testsuite hostname="DESKTOP-3M04LF7" failures="0" tests="1" name="com.elevate.qa.testCases.ProgramsPageTest" time="30.387" errors="0" timestamp="2020-08-23T22:58:41 IST" skipped="0">
  <testcase classname="com.elevate.qa.testCases.ProgramsPageTest" name="enterProgramListToExcel" time="30.387"/>
  <system-out/>
</testsuite> <!-- com.elevate.qa.testCases.ProgramsPageTest -->
