<?xml version="1.0" encoding="UTF-8"?>
<!-- Generated by org.testng.reporters.JUnitReportReporter -->
<testsuite hostname="DESKTOP-3M04LF7" failures="0" tests="3" name="com.elevate.qa.testCases.LoginPageTest" time="42.342" errors="0" timestamp="2020-08-17T10:26:10 IST" skipped="0">
  <testcase classname="com.elevate.qa.testCases.LoginPageTest" name="loginPageTitleTest" time="9.000"/>
  <system-out/>
  <testcase classname="com.elevate.qa.testCases.LoginPageTest" name="elevateLogoTest" time="15.379"/>
  <system-out/>
  <testcase classname="com.elevate.qa.testCases.LoginPageTest" name="adminLoginTest" time="17.963"/>
  <system-out/>
</testsuite> <!-- com.elevate.qa.testCases.LoginPageTest -->
