<?xml version="1.0" encoding="UTF-8"?>
<!-- Generated by org.testng.reporters.JUnitReportReporter -->
<testsuite hostname="DESKTOP-3M04LF7" failures="0" tests="1" name="com.elevate.qa.testCases.ProgramsPageTest" time="25.854" errors="0" timestamp="2020-08-23T23:59:27 IST" skipped="0">
  <testcase classname="com.elevate.qa.testCases.ProgramsPageTest" name="verifyEnterProgramListToExcelTest" time="25.854"/>
  <system-out/>
</testsuite> <!-- com.elevate.qa.testCases.ProgramsPageTest -->
